	.data
TRUE: .float   1
	.text
	.data
FALSE: .float   0
	.text
	li   $fp, 2147483644
	move $sp, $fp
	.data
area_: .float   0
	.text
	li   $t0, 0
	sub  $sp, $sp, 4
	l.s  $f0, area_
	mtc1 $t0, $f0
	cvt.s.w $f0, $f0
	sw   $t0, -4($fp)
	s.s  $f0, area_
	j    _CEO
_computeArea:
	sw   $ra, 0($fp)
	j    check0
if0:
	li   $t1, 2
	sub  $sp, $sp, 4
	lw   $t3, -12($fp)
	mul  $t4, $t3, $t1
	move $t2, $t4
	l.s  $f2, area_
	mtc1 $t2, $f2
	cvt.s.w $f2, $f2
	sw   $t3, -12($fp)
	sw   $t1, -20($fp)
	s.s  $f2, area_
	j    continue0
elif1:
	lw   $t5, -12($fp)
	lw   $t6, -8($fp)
	mul  $t7, $t5, $t6
	move $t4, $t7
	li   $t7, 2
	sub  $sp, $sp, 4
	div  $t4, $t7
	mflo $t9
	move $t8, $t9
	l.s  $f4, area_
	mtc1 $t8, $f4
	cvt.s.w $f4, $f4
	sw   $t6, -8($fp)
	sw   $t5, -12($fp)
	sw   $t7, -24($fp)
	s.s  $f4, area_
	j    continue0
elif2:
	.data
r18: .float   3.14
	.text
	l.s   $f6, r18
	sub  $sp, $sp, 4
	l.s  $f8, -16($fp)
	mul.s $f10, $f6, $f8
	mul.s $f12, $f10, $f8
	l.s  $f14, area_
	mov.s $f14, $f12
	s.s  $f8, -16($fp)
	s.s  $f6, -28($fp)
	s.s  $f14, area_
	j    continue0
check0:
	li   $t1, 83
	sub  $sp, $sp, 4
	lw   $t3, -4($fp)
	mtc1 $t1, $f16
	cvt.s.w $f16, $f16
	mtc1 $t3, $f18
	cvt.s.w $f18, $f18
	c.eq.s $f16, $f18
	l.s   $f16, FALSE
	l.s   $f18, TRUE
	movt.s $f16, $f18
	cvt.w.s $f16, $f16
	mfc1 $t2, $f16
	li   $t4, 84
	sub  $sp, $sp, 4
	mtc1 $t4, $f18
	cvt.s.w $f18, $f18
	mtc1 $t3, $f20
	cvt.s.w $f20, $f20
	c.eq.s $f18, $f20
	l.s   $f18, FALSE
	l.s   $f20, TRUE
	movt.s $f18, $f20
	cvt.w.s $f18, $f18
	mfc1 $t5, $f18
	li   $t6, 67
	sub  $sp, $sp, 4
	mtc1 $t6, $f20
	cvt.s.w $f20, $f20
	mtc1 $t3, $f22
	cvt.s.w $f22, $f22
	c.eq.s $f20, $f22
	l.s   $f20, FALSE
	l.s   $f22, TRUE
	movt.s $f20, $f22
	cvt.w.s $f20, $f20
	mfc1 $t7, $f20
	bgtz $t2, if0
	bgtz $t5, elif1
	bgtz $t7, elif2
continue0:
	move $sp, $fp
	addi $sp, $sp, 8
	lw   $ra, 0($fp)
	lw   $fp, 4($fp)
	jr   $ra
_CEO:
	sub  $sp, $sp, 4
	li   $t8, 4
	sub  $sp, $sp, 4
	lw   $t9, -4($fp)
	move $t9, $t8
	sub  $sp, $sp, 4
	li   $t0, 3
	sub  $sp, $sp, 4
	lw   $t1, -12($fp)
	move $t1, $t0
	sub  $sp, $sp, 4
	.data
r26: .float   4.3
	.text
	l.s   $f22, r26
	sub  $sp, $sp, 4
	l.s  $f24, -20($fp)
	mov.s $f24, $f22
	li   $t2, 83
	sub  $sp, $sp, 4
	sw   $t9, -4($fp)
	sw   $t1, -12($fp)
	sw   $t8, -8($fp)
	s.s  $f24, -20($fp)
	sw   $t0, -16($fp)
	sw   $t2, -28($fp)
	s.s  $f22, -24($fp)
	sw   $fp, -4($sp)
	sub  $sp, $sp, 8
	move $fp, $sp
	sw   $t2, -4($sp)
	sub  $sp, $sp, 4
	sw   $t9, -4($sp)
	sub  $sp, $sp, 4
	sw   $t1, -4($sp)
	sub  $sp, $sp, 4
	mfc1 $t3, $f24
	sw   $t3, -4($sp)
	sub  $sp, $sp, 4
	jal  _computeArea
	li   $v0, 10
	syscall
